#
# There is insufficient memory for the Java Runtime Environment to continue.
# Native memory allocation (malloc) failed to allocate 170896 bytes for Chunk::new
# Possible reasons:
#   The system is out of physical RAM or swap space
#   The process is running with CompressedOops enabled, and the Java Heap may be blocking the growth of the native heap
# Possible solutions:
#   Reduce memory load on the system
#   Increase physical memory or swap space
#   Check if swap backing store is full
#   Decrease Java heap size (-Xmx/-Xms)
#   Decrease number of Java threads
#   Decrease Java thread stack sizes (-Xss)
#   Set larger code cache with -XX:ReservedCodeCacheSize=
#   JVM is running with Unscaled Compressed Oops mode in which the Java heap is
#     placed in the first 4GB address space. The Java Heap base address is the
#     maximum limit for the native heap growth. Please use -XX:HeapBaseMinAddress
#     to set the Java Heap base and to place the Java Heap above 4GB virtual address.
# This output file may be truncated or incomplete.
#
#  Out of Memory Error (arena.cpp:184), pid=5876, tid=1996
#
# JRE version: Java(TM) SE Runtime Environment (19.0.2+7) (build 19.0.2+7-44)
# Java VM: Java HotSpot(TM) 64-Bit Server VM (19.0.2+7-44, mixed mode, tiered, compressed oops, compressed class ptrs, g1 gc, windows-amd64)
# No core dump will be written. Minidumps are not enabled by default on client versions of Windows
#

---------------  S U M M A R Y ------------

Command Line: -Dfile.encoding=UTF-8 --module-path=C:\Users\jaswa\OneDrive\Desktop\INFO 5100\Assignment 1\Assignment_2\build\classes ui.MainJFrame

Host: Intel(R) Core(TM) i5-10210U CPU @ 1.60GHz, 8 cores, 7G,  Windows 11 , 64 bit Build 22621 (10.0.22621.3958)
Time: Sun Oct  6 12:25:36 2024 Eastern Daylight Time elapsed time: 0.243125 seconds (0d 0h 0m 0s)

---------------  T H R E A D  ---------------

Current thread (0x00000144840506b0):  JavaThread "C2 CompilerThread0" daemon [_thread_in_native, id=1996, stack(0x00000015e3500000,0x00000015e3600000)]


Current CompileTask:
C2:    243  186       4       java.util.HashMap::putVal (300 bytes)

Stack: [0x00000015e3500000,0x00000015e3600000]
Native frames: (J=compiled Java code, j=interpreted, Vv=VM code, C=native code)
V  [jvm.dll+0x6ee21a]
V  [jvm.dll+0x85765e]
V  [jvm.dll+0x85904e]
V  [jvm.dll+0x859703]
V  [jvm.dll+0x28298f]
V  [jvm.dll+0xc9adf]
V  [jvm.dll+0xc9e65]
V  [jvm.dll+0x3bca12]
V  [jvm.dll+0x3860e1]
V  [jvm.dll+0x38555a]
V  [jvm.dll+0x24c3d9]
V  [jvm.dll+0x24b781]
V  [jvm.dll+0x1d6ce1]
V  [jvm.dll+0x25b25a]
V  [jvm.dll+0x2596e8]
V  [jvm.dll+0x807588]
V  [jvm.dll+0x80125a]
V  [jvm.dll+0x6ecf0b]
C  [ucrtbase.dll+0x29333]
C  [KERNEL32.DLL+0x1257d]
C  [ntdll.dll+0x5af08]


---------------  P R O C E S S  ---------------

Threads class SMR info:
_java_thread_list=0x00000144842a3000, length=13, elements={
0x00000144d829f190, 0x000001448406a550, 0x000001448406b2e0, 0x00000144840771a0,
0x0000014484077ad0, 0x00000144840785a0, 0x0000014484079070, 0x00000144840506b0,
0x00000144840551d0, 0x0000014484057cf0, 0x00000144841aa310, 0x0000014484238890,
0x00000144842ea8c0
}

Java Threads: ( => current thread )
  0x00000144d829f190 JavaThread "main" [_thread_in_vm, id=5012, stack(0x00000015e2800000,0x00000015e2900000)]
  0x000001448406a550 JavaThread "Reference Handler" daemon [_thread_blocked, id=11324, stack(0x00000015e2f00000,0x00000015e3000000)]
  0x000001448406b2e0 JavaThread "Finalizer" daemon [_thread_blocked, id=7924, stack(0x00000015e3000000,0x00000015e3100000)]
  0x00000144840771a0 JavaThread "Signal Dispatcher" daemon [_thread_blocked, id=13116, stack(0x00000015e3100000,0x00000015e3200000)]
  0x0000014484077ad0 JavaThread "Attach Listener" daemon [_thread_blocked, id=4296, stack(0x00000015e3200000,0x00000015e3300000)]
  0x00000144840785a0 JavaThread "Service Thread" daemon [_thread_blocked, id=11592, stack(0x00000015e3300000,0x00000015e3400000)]
  0x0000014484079070 JavaThread "Monitor Deflation Thread" daemon [_thread_blocked, id=7680, stack(0x00000015e3400000,0x00000015e3500000)]
=>0x00000144840506b0 JavaThread "C2 CompilerThread0" daemon [_thread_in_native, id=1996, stack(0x00000015e3500000,0x00000015e3600000)]
  0x00000144840551d0 JavaThread "C1 CompilerThread0" daemon [_thread_blocked, id=2960, stack(0x00000015e3600000,0x00000015e3700000)]
  0x0000014484057cf0 JavaThread "Sweeper thread" daemon [_thread_blocked, id=11544, stack(0x00000015e3700000,0x00000015e3800000)]
  0x00000144841aa310 JavaThread "Common-Cleaner" daemon [_thread_blocked, id=9324, stack(0x00000015e3800000,0x00000015e3900000)]
  0x0000014484238890 JavaThread "C2 CompilerThread1" daemon [_thread_blocked, id=3332, stack(0x00000015e3900000,0x00000015e3a00000)]
  0x00000144842ea8c0 JavaThread "Notification Thread" daemon [_thread_blocked, id=6628, stack(0x00000015e3a00000,0x00000015e3b00000)]

Other Threads:
  0x00000144f6999a60 VMThread "VM Thread" [stack: 0x00000015e2e00000,0x00000015e2f00000] [id=10288]
  0x00000144d82fe820 WorkerThread "GC Thread#0" [stack: 0x00000015e2900000,0x00000015e2a00000] [id=12096]
  0x00000144d830f080 ConcurrentGCThread "G1 Main Marker" [stack: 0x00000015e2a00000,0x00000015e2b00000] [id=12376]
  0x00000144d8310b60 WorkerThread "G1 Conc#0" [stack: 0x00000015e2b00000,0x00000015e2c00000] [id=6208]
  0x00000144f6849110 ConcurrentGCThread "G1 Refine#0" [stack: 0x00000015e2c00000,0x00000015e2d00000] [id=11668]
  0x00000144f6849a60 ConcurrentGCThread "G1 Service" [stack: 0x00000015e2d00000,0x00000015e2e00000] [id=10280]

Threads with active compile tasks:
C2 CompilerThread0      267  186       4       java.util.HashMap::putVal (300 bytes)

VM state: not at safepoint (normal execution)

VM Mutex/Monitor currently owned by a thread: None

Heap address: 0x0000000083000000, size: 2000 MB, Compressed Oops mode: 32-bit

CDS archive(s) not mapped
Compressed class space mapped at: 0x0000000100000000-0x0000000140000000, reserved size: 1073741824
Narrow klass base: 0x0000000000000000, Narrow klass shift: 3, Narrow klass range: 0x140000000

GC Precious Log:
 CardTable entry size: 512
 Card Set container configuration: InlinePtr #cards 5 size 8 Array Of Cards #cards 12 size 40 Howl #buckets 4 coarsen threshold 1843 Howl Bitmap #cards 512 size 80 coarsen threshold 460 Card regions per heap region 1 cards per card region 2048
 CPUs: 8 total, 8 available
 Memory: 7995M
 Large Page Support: Disabled
 NUMA Support: Disabled
 Compressed Oops: Enabled (32-bit)
 Heap Region Size: 1M
 Heap Min Capacity: 8M
 Heap Initial Capacity: 126M
 Heap Max Capacity: 2000M
 Pre-touch: Disabled
 Parallel Workers: 8
 Concurrent Workers: 2
 Concurrent Refinement Workers: 8
 Periodic GC: Disabled

Heap:
 garbage-first heap   total 129024K, used 2048K [0x0000000083000000, 0x0000000100000000)
  region size 1024K, 3 young (3072K), 0 survivors (0K)
 Metaspace       used 7326K, committed 7488K, reserved 1114112K
  class space    used 631K, committed 704K, reserved 1048576K

Heap Regions: E=young(eden), S=young(survivor), O=old, HS=humongous(starts), HC=humongous(continues), CS=collection set, F=free, OA=open archive, CA=closed archive, TAMS=top-at-mark-start (previous, next)
|   0|0x0000000083000000, 0x0000000083000000, 0x0000000083100000|  0%| F|  |TAMS 0x0000000083000000, 0x0000000083000000| Untracked 
|   1|0x0000000083100000, 0x0000000083100000, 0x0000000083200000|  0%| F|  |TAMS 0x0000000083100000, 0x0000000083100000| Untracked 
|   2|0x0000000083200000, 0x0000000083200000, 0x0000000083300000|  0%| F|  |TAMS 0x0000000083200000, 0x0000000083200000| Untracked 
|   3|0x0000000083300000, 0x0000000083300000, 0x0000000083400000|  0%| F|  |TAMS 0x0000000083300000, 0x0000000083300000| Untracked 
|   4|0x0000000083400000, 0x0000000083400000, 0x0000000083500000|  0%| F|  |TAMS 0x0000000083400000, 0x0000000083400000| Untracked 
|   5|0x0000000083500000, 0x0000000083500000, 0x0000000083600000|  0%| F|  |TAMS 0x0000000083500000, 0x0000000083500000| Untracked 
|   6|0x0000000083600000, 0x0000000083600000, 0x0000000083700000|  0%| F|  |TAMS 0x0000000083600000, 0x0000000083600000| Untracked 
|   7|0x0000000083700000, 0x0000000083700000, 0x0000000083800000|  0%| F|  |TAMS 0x0000000083700000, 0x0000000083700000| Untracked 
|   8|0x0000000083800000, 0x0000000083800000, 0x0000000083900000|  0%| F|  |TAMS 0x0000000083800000, 0x0000000083800000| Untracked 
|   9|0x0000000083900000, 0x0000000083900000, 0x0000000083a00000|  0%| F|  |TAMS 0x0000000083900000, 0x0000000083900000| Untracked 
|  10|0x0000000083a00000, 0x0000000083a00000, 0x0000000083b00000|  0%| F|  |TAMS 0x0000000083a00000, 0x0000000083a00000| Untracked 
|  11|0x0000000083b00000, 0x0000000083b00000, 0x0000000083c00000|  0%| F|  |TAMS 0x0000000083b00000, 0x0000000083b00000| Untracked 
|  12|0x0000000083c00000, 0x0000000083c00000, 0x0000000083d00000|  0%| F|  |TAMS 0x0000000083c00000, 0x0000000083c00000| Untracked 
|  13|0x0000000083d00000, 0x0000000083d00000, 0x0000000083e00000|  0%| F|  |TAMS 0x0000000083d00000, 0x0000000083d00000| Untracked 
|  14|0x0000000083e00000, 0x0000000083e00000, 0x0000000083f00000|  0%| F|  |TAMS 0x0000000083e00000, 0x0000000083e00000| Untracked 
|  15|0x0000000083f00000, 0x0000000083f00000, 0x0000000084000000|  0%| F|  |TAMS 0x0000000083f00000, 0x0000000083f00000| Untracked 
|  16|0x0000000084000000, 0x0000000084000000, 0x0000000084100000|  0%| F|  |TAMS 0x0000000084000000, 0x0000000084000000| Untracked 
|  17|0x0000000084100000, 0x0000000084100000, 0x0000000084200000|  0%| F|  |TAMS 0x0000000084100000, 0x0000000084100000| Untracked 
|  18|0x0000000084200000, 0x0000000084200000, 0x0000000084300000|  0%| F|  |TAMS 0x0000000084200000, 0x0000000084200000| Untracked 
|  19|0x0000000084300000, 0x0000000084300000, 0x0000000084400000|  0%| F|  |TAMS 0x0000000084300000, 0x0000000084300000| Untracked 
|  20|0x0000000084400000, 0x0000000084400000, 0x0000000084500000|  0%| F|  |TAMS 0x0000000084400000, 0x0000000084400000| Untracked 
|  21|0x0000000084500000, 0x0000000084500000, 0x0000000084600000|  0%| F|  |TAMS 0x0000000084500000, 0x0000000084500000| Untracked 
|  22|0x0000000084600000, 0x0000000084600000, 0x0000000084700000|  0%| F|  |TAMS 0x0000000084600000, 0x0000000084600000| Untracked 
|  23|0x0000000084700000, 0x0000000084700000, 0x0000000084800000|  0%| F|  |TAMS 0x0000000084700000, 0x0000000084700000| Untracked 
|  24|0x0000000084800000, 0x0000000084800000, 0x0000000084900000|  0%| F|  |TAMS 0x0000000084800000, 0x0000000084800000| Untracked 
|  25|0x0000000084900000, 0x0000000084900000, 0x0000000084a00000|  0%| F|  |TAMS 0x0000000084900000, 0x0000000084900000| Untracked 
|  26|0x0000000084a00000, 0x0000000084a00000, 0x0000000084b00000|  0%| F|  |TAMS 0x0000000084a00000, 0x0000000084a00000| Untracked 
|  27|0x0000000084b00000, 0x0000000084b00000, 0x0000000084c00000|  0%| F|  |TAMS 0x0000000084b00000, 0x0000000084b00000| Untracked 
|  28|0x0000000084c00000, 0x0000000084c00000, 0x0000000084d00000|  0%| F|  |TAMS 0x0000000084c00000, 0x0000000084c00000| Untracked 
|  29|0x0000000084d00000, 0x0000000084d00000, 0x0000000084e00000|  0%| F|  |TAMS 0x0000000084d00000, 0x0000000084d00000| Untracked 
|  30|0x0000000084e00000, 0x0000000084e00000, 0x0000000084f00000|  0%| F|  |TAMS 0x0000000084e00000, 0x0000000084e00000| Untracked 
|  31|0x0000000084f00000, 0x0000000084f00000, 0x0000000085000000|  0%| F|  |TAMS 0x0000000084f00000, 0x0000000084f00000| Untracked 
|  32|0x0000000085000000, 0x0000000085000000, 0x0000000085100000|  0%| F|  |TAMS 0x0000000085000000, 0x0000000085000000| Untracked 
|  33|0x0000000085100000, 0x0000000085100000, 0x0000000085200000|  0%| F|  |TAMS 0x0000000085100000, 0x0000000085100000| Untracked 
|  34|0x0000000085200000, 0x0000000085200000, 0x0000000085300000|  0%| F|  |TAMS 0x0000000085200000, 0x0000000085200000| Untracked 
|  35|0x0000000085300000, 0x0000000085300000, 0x0000000085400000|  0%| F|  |TAMS 0x0000000085300000, 0x0000000085300000| Untracked 
|  36|0x0000000085400000, 0x0000000085400000, 0x0000000085500000|  0%| F|  |TAMS 0x0000000085400000, 0x0000000085400000| Untracked 
|  37|0x0000000085500000, 0x0000000085500000, 0x0000000085600000|  0%| F|  |TAMS 0x0000000085500000, 0x0000000085500000| Untracked 
|  38|0x0000000085600000, 0x0000000085600000, 0x0000000085700000|  0%| F|  |TAMS 0x0000000085600000, 0x0000000085600000| Untracked 
|  39|0x0000000085700000, 0x0000000085700000, 0x0000000085800000|  0%| F|  |TAMS 0x0000000085700000, 0x0000000085700000| Untracked 
|  40|0x0000000085800000, 0x0000000085800000, 0x0000000085900000|  0%| F|  |TAMS 0x0000000085800000, 0x0000000085800000| Untracked 
|  41|0x0000000085900000, 0x0000000085900000, 0x0000000085a00000|  0%| F|  |TAMS 0x0000000085900000, 0x0000000085900000| Untracked 
|  42|0x0000000085a00000, 0x0000000085a00000, 0x0000000085b00000|  0%| F|  |TAMS 0x0000000085a00000, 0x0000000085a00000| Untracked 
|  43|0x0000000085b00000, 0x0000000085b00000, 0x0000000085c00000|  0%| F|  |TAMS 0x0000000085b00000, 0x0000000085b00000| Untracked 
|  44|0x0000000085c00000, 0x0000000085c00000, 0x0000000085d00000|  0%| F|  |TAMS 0x0000000085c00000, 0x0000000085c00000| Untracked 
|  45|0x0000000085d00000, 0x0000000085d00000, 0x0000000085e00000|  0%| F|  |TAMS 0x0000000085d00000, 0x0000000085d00000| Untracked 
|  46|0x0000000085e00000, 0x0000000085e00000, 0x0000000085f00000|  0%| F|  |TAMS 0x0000000085e00000, 0x0000000085e00000| Untracked 
|  47|0x0000000085f00000, 0x0000000085f00000, 0x0000000086000000|  0%| F|  |TAMS 0x0000000085f00000, 0x0000000085f00000| Untracked 
|  48|0x0000000086000000, 0x0000000086000000, 0x0000000086100000|  0%| F|  |TAMS 0x0000000086000000, 0x0000000086000000| Untracked 
|  49|0x0000000086100000, 0x0000000086100000, 0x0000000086200000|  0%| F|  |TAMS 0x0000000086100000, 0x0000000086100000| Untracked 
|  50|0x0000000086200000, 0x0000000086200000, 0x0000000086300000|  0%| F|  |TAMS 0x0000000086200000, 0x0000000086200000| Untracked 
|  51|0x0000000086300000, 0x0000000086300000, 0x0000000086400000|  0%| F|  |TAMS 0x0000000086300000, 0x0000000086300000| Untracked 
|  52|0x0000000086400000, 0x0000000086400000, 0x0000000086500000|  0%| F|  |TAMS 0x0000000086400000, 0x0000000086400000| Untracked 
|  53|0x0000000086500000, 0x0000000086500000, 0x0000000086600000|  0%| F|  |TAMS 0x0000000086500000, 0x0000000086500000| Untracked 
|  54|0x0000000086600000, 0x0000000086600000, 0x0000000086700000|  0%| F|  |TAMS 0x0000000086600000, 0x0000000086600000| Untracked 
|  55|0x0000000086700000, 0x0000000086700000, 0x0000000086800000|  0%| F|  |TAMS 0x0000000086700000, 0x0000000086700000| Untracked 
|  56|0x0000000086800000, 0x0000000086800000, 0x0000000086900000|  0%| F|  |TAMS 0x0000000086800000, 0x0000000086800000| Untracked 
|  57|0x0000000086900000, 0x0000000086900000, 0x0000000086a00000|  0%| F|  |TAMS 0x0000000086900000, 0x0000000086900000| Untracked 
|  58|0x0000000086a00000, 0x0000000086a00000, 0x0000000086b00000|  0%| F|  |TAMS 0x0000000086a00000, 0x0000000086a00000| Untracked 
|  59|0x0000000086b00000, 0x0000000086b00000, 0x0000000086c00000|  0%| F|  |TAMS 0x0000000086b00000, 0x0000000086b00000| Untracked 
|  60|0x0000000086c00000, 0x0000000086c00000, 0x0000000086d00000|  0%| F|  |TAMS 0x0000000086c00000, 0x0000000086c00000| Untracked 
|  61|0x0000000086d00000, 0x0000000086d00000, 0x0000000086e00000|  0%| F|  |TAMS 0x0000000086d00000, 0x0000000086d00000| Untracked 
|  62|0x0000000086e00000, 0x0000000086e00000, 0x0000000086f00000|  0%| F|  |TAMS 0x0000000086e00000, 0x0000000086e00000| Untracked 
|  63|0x0000000086f00000, 0x0000000086f00000, 0x0000000087000000|  0%| F|  |TAMS 0x0000000086f00000, 0x0000000086f00000| Untracked 
|  64|0x0000000087000000, 0x0000000087000000, 0x0000000087100000|  0%| F|  |TAMS 0x0000000087000000, 0x0000000087000000| Untracked 
|  65|0x0000000087100000, 0x0000000087100000, 0x0000000087200000|  0%| F|  |TAMS 0x0000000087100000, 0x0000000087100000| Untracked 
|  66|0x0000000087200000, 0x0000000087200000, 0x0000000087300000|  0%| F|  |TAMS 0x0000000087200000, 0x0000000087200000| Untracked 
|  67|0x0000000087300000, 0x0000000087300000, 0x0000000087400000|  0%| F|  |TAMS 0x0000000087300000, 0x0000000087300000| Untracked 
|  68|0x0000000087400000, 0x0000000087400000, 0x0000000087500000|  0%| F|  |TAMS 0x0000000087400000, 0x0000000087400000| Untracked 
|  69|0x0000000087500000, 0x0000000087500000, 0x0000000087600000|  0%| F|  |TAMS 0x0000000087500000, 0x0000000087500000| Untracked 
|  70|0x0000000087600000, 0x0000000087600000, 0x0000000087700000|  0%| F|  |TAMS 0x0000000087600000, 0x0000000087600000| Untracked 
|  71|0x0000000087700000, 0x0000000087700000, 0x0000000087800000|  0%| F|  |TAMS 0x0000000087700000, 0x0000000087700000| Untracked 
|  72|0x0000000087800000, 0x0000000087800000, 0x0000000087900000|  0%| F|  |TAMS 0x0000000087800000, 0x0000000087800000| Untracked 
|  73|0x0000000087900000, 0x0000000087900000, 0x0000000087a00000|  0%| F|  |TAMS 0x0000000087900000, 0x0000000087900000| Untracked 
|  74|0x0000000087a00000, 0x0000000087a00000, 0x0000000087b00000|  0%| F|  |TAMS 0x0000000087a00000, 0x0000000087a00000| Untracked 
|  75|0x0000000087b00000, 0x0000000087b00000, 0x0000000087c00000|  0%| F|  |TAMS 0x0000000087b00000, 0x0000000087b00000| Untracked 
|  76|0x0000000087c00000, 0x0000000087c00000, 0x0000000087d00000|  0%| F|  |TAMS 0x0000000087c00000, 0x0000000087c00000| Untracked 
|  77|0x0000000087d00000, 0x0000000087d00000, 0x0000000087e00000|  0%| F|  |TAMS 0x0000000087d00000, 0x0000000087d00000| Untracked 
|  78|0x0000000087e00000, 0x0000000087e00000, 0x0000000087f00000|  0%| F|  |TAMS 0x0000000087e00000, 0x0000000087e00000| Untracked 
|  79|0x0000000087f00000, 0x0000000087f00000, 0x0000000088000000|  0%| F|  |TAMS 0x0000000087f00000, 0x0000000087f00000| Untracked 
|  80|0x0000000088000000, 0x0000000088000000, 0x0000000088100000|  0%| F|  |TAMS 0x0000000088000000, 0x0000000088000000| Untracked 
|  81|0x0000000088100000, 0x0000000088100000, 0x0000000088200000|  0%| F|  |TAMS 0x0000000088100000, 0x0000000088100000| Untracked 
|  82|0x0000000088200000, 0x0000000088200000, 0x0000000088300000|  0%| F|  |TAMS 0x0000000088200000, 0x0000000088200000| Untracked 
|  83|0x0000000088300000, 0x0000000088300000, 0x0000000088400000|  0%| F|  |TAMS 0x0000000088300000, 0x0000000088300000| Untracked 
|  84|0x0000000088400000, 0x0000000088400000, 0x0000000088500000|  0%| F|  |TAMS 0x0000000088400000, 0x0000000088400000| Untracked 
|  85|0x0000000088500000, 0x0000000088500000, 0x0000000088600000|  0%| F|  |TAMS 0x0000000088500000, 0x0000000088500000| Untracked 
|  86|0x0000000088600000, 0x0000000088600000, 0x0000000088700000|  0%| F|  |TAMS 0x0000000088600000, 0x0000000088600000| Untracked 
|  87|0x0000000088700000, 0x0000000088700000, 0x0000000088800000|  0%| F|  |TAMS 0x0000000088700000, 0x0000000088700000| Untracked 
|  88|0x0000000088800000, 0x0000000088800000, 0x0000000088900000|  0%| F|  |TAMS 0x0000000088800000, 0x0000000088800000| Untracked 
|  89|0x0000000088900000, 0x0000000088900000, 0x0000000088a00000|  0%| F|  |TAMS 0x0000000088900000, 0x0000000088900000| Untracked 
|  90|0x0000000088a00000, 0x0000000088a00000, 0x0000000088b00000|  0%| F|  |TAMS 0x0000000088a00000, 0x0000000088a00000| Untracked 
|  91|0x0000000088b00000, 0x0000000088b00000, 0x0000000088c00000|  0%| F|  |TAMS 0x0000000088b00000, 0x0000000088b00000| Untracked 
|  92|0x0000000088c00000, 0x0000000088c00000, 0x0000000088d00000|  0%| F|  |TAMS 0x0000000088c00000, 0x0000000088c00000| Untracked 
|  93|0x0000000088d00000, 0x0000000088d00000, 0x0000000088e00000|  0%| F|  |TAMS 0x0000000088d00000, 0x0000000088d00000| Untracked 
|  94|0x0000000088e00000, 0x0000000088e00000, 0x0000000088f00000|  0%| F|  |TAMS 0x0000000088e00000, 0x0000000088e00000| Untracked 
|  95|0x0000000088f00000, 0x0000000088f00000, 0x0000000089000000|  0%| F|  |TAMS 0x0000000088f00000, 0x0000000088f00000| Untracked 
|  96|0x0000000089000000, 0x0000000089000000, 0x0000000089100000|  0%| F|  |TAMS 0x0000000089000000, 0x0000000089000000| Untracked 
|  97|0x0000000089100000, 0x0000000089100000, 0x0000000089200000|  0%| F|  |TAMS 0x0000000089100000, 0x0000000089100000| Untracked 
|  98|0x0000000089200000, 0x0000000089200000, 0x0000000089300000|  0%| F|  |TAMS 0x0000000089200000, 0x0000000089200000| Untracked 
|  99|0x0000000089300000, 0x0000000089300000, 0x0000000089400000|  0%| F|  |TAMS 0x0000000089300000, 0x0000000089300000| Untracked 
| 100|0x0000000089400000, 0x0000000089400000, 0x0000000089500000|  0%| F|  |TAMS 0x0000000089400000, 0x0000000089400000| Untracked 
| 101|0x0000000089500000, 0x0000000089500000, 0x0000000089600000|  0%| F|  |TAMS 0x0000000089500000, 0x0000000089500000| Untracked 
| 102|0x0000000089600000, 0x0000000089600000, 0x0000000089700000|  0%| F|  |TAMS 0x0000000089600000, 0x0000000089600000| Untracked 
| 103|0x0000000089700000, 0x0000000089700000, 0x0000000089800000|  0%| F|  |TAMS 0x0000000089700000, 0x0000000089700000| Untracked 
| 104|0x0000000089800000, 0x0000000089800000, 0x0000000089900000|  0%| F|  |TAMS 0x0000000089800000, 0x0000000089800000| Untracked 
| 105|0x0000000089900000, 0x0000000089900000, 0x0000000089a00000|  0%| F|  |TAMS 0x0000000089900000, 0x0000000089900000| Untracked 
| 106|0x0000000089a00000, 0x0000000089a00000, 0x0000000089b00000|  0%| F|  |TAMS 0x0000000089a00000, 0x0000000089a00000| Untracked 
| 107|0x0000000089b00000, 0x0000000089b00000, 0x0000000089c00000|  0%| F|  |TAMS 0x0000000089b00000, 0x0000000089b00000| Untracked 
| 108|0x0000000089c00000, 0x0000000089c00000, 0x0000000089d00000|  0%| F|  |TAMS 0x0000000089c00000, 0x0000000089c00000| Untracked 
| 109|0x0000000089d00000, 0x0000000089d00000, 0x0000000089e00000|  0%| F|  |TAMS 0x0000000089d00000, 0x0000000089d00000| Untracked 
| 110|0x0000000089e00000, 0x0000000089e00000, 0x0000000089f00000|  0%| F|  |TAMS 0x0000000089e00000, 0x0000000089e00000| Untracked 
| 111|0x0000000089f00000, 0x0000000089f00000, 0x000000008a000000|  0%| F|  |TAMS 0x0000000089f00000, 0x0000000089f00000| Untracked 
| 112|0x000000008a000000, 0x000000008a000000, 0x000000008a100000|  0%| F|  |TAMS 0x000000008a000000, 0x000000008a000000| Untracked 
| 113|0x000000008a100000, 0x000000008a100000, 0x000000008a200000|  0%| F|  |TAMS 0x000000008a100000, 0x000000008a100000| Untracked 
| 114|0x000000008a200000, 0x000000008a200000, 0x000000008a300000|  0%| F|  |TAMS 0x000000008a200000, 0x000000008a200000| Untracked 
| 115|0x000000008a300000, 0x000000008a300000, 0x000000008a400000|  0%| F|  |TAMS 0x000000008a300000, 0x000000008a300000| Untracked 
| 116|0x000000008a400000, 0x000000008a400000, 0x000000008a500000|  0%| F|  |TAMS 0x000000008a400000, 0x000000008a400000| Untracked 
| 117|0x000000008a500000, 0x000000008a500000, 0x000000008a600000|  0%| F|  |TAMS 0x000000008a500000, 0x000000008a500000| Untracked 
| 118|0x000000008a600000, 0x000000008a600000, 0x000000008a700000|  0%| F|  |TAMS 0x000000008a600000, 0x000000008a600000| Untracked 
| 119|0x000000008a700000, 0x000000008a700000, 0x000000008a800000|  0%| F|  |TAMS 0x000000008a700000, 0x000000008a700000| Untracked 
| 120|0x000000008a800000, 0x000000008a800000, 0x000000008a900000|  0%| F|  |TAMS 0x000000008a800000, 0x000000008a800000| Untracked 
| 121|0x000000008a900000, 0x000000008a900000, 0x000000008aa00000|  0%| F|  |TAMS 0x000000008a900000, 0x000000008a900000| Untracked 
| 122|0x000000008aa00000, 0x000000008aa00000, 0x000000008ab00000|  0%| F|  |TAMS 0x000000008aa00000, 0x000000008aa00000| Untracked 
| 123|0x000000008ab00000, 0x000000008abec480, 0x000000008ac00000| 92%| E|  |TAMS 0x000000008ab00000, 0x000000008ab00000| Complete 
| 124|0x000000008ac00000, 0x000000008ad00000, 0x000000008ad00000|100%| E|CS|TAMS 0x000000008ac00000, 0x000000008ac00000| Complete 
| 125|0x000000008ad00000, 0x000000008ae00000, 0x000000008ae00000|100%| E|CS|TAMS 0x000000008ad00000, 0x000000008ad00000| Complete 

Card table byte_map: [0x00000144ef920000,0x00000144efd10000] _byte_map_base: 0x00000144ef508000

Marking Bits (Prev, Next): (CMBitMap*) 0x00000144d82fed50, (CMBitMap*) 0x00000144d82fed90
 Prev Bits: [0x00000144f0100000, 0x00000144f2040000)
 Next Bits: [0x00000144f2040000, 0x00000144f3f80000)

Polling page: 0x00000144d6270000

Metaspace:

Usage:
  Non-class:      6.61 MB used.
      Class:    637.64 KB used.
       Both:      7.23 MB used.

Virtual space:
  Non-class space:       64.00 MB reserved,       6.69 MB ( 10%) committed,  1 nodes.
      Class space:        1.00 GB reserved,     704.00 KB ( <1%) committed,  1 nodes.
             Both:        1.06 GB reserved,       7.38 MB ( <1%) committed. 

Chunk freelists:
   Non-Class:  1008.00 KB
       Class:  3.23 MB
        Both:  4.21 MB

MaxMetaspaceSize: unlimited
CompressedClassSpaceSize: 1.00 GB
Initial GC threshold: 21.00 MB
Current GC threshold: 21.00 MB
CDS: off
MetaspaceReclaimPolicy: balanced
 - commit_granule_bytes: 65536.
 - commit_granule_words: 8192.
 - virtual_space_node_default_size: 8388608.
 - enlarge_chunks_in_place: 1.
 - new_chunks_are_fully_committed: 0.
 - uncommit_free_chunks: 1.
 - use_allocation_guard: 0.


Internal statistics:

num_allocs_failed_limit: 0.
num_arena_births: 8.
num_arena_deaths: 0.
num_vsnodes_births: 2.
num_vsnodes_deaths: 0.
num_space_committed: 118.
num_space_uncommitted: 0.
num_chunks_returned_to_freelist: 0.
num_chunks_taken_from_freelist: 29.
num_chunk_merges: 0.
num_chunk_splits: 11.
num_chunks_enlarged: 4.
num_inconsistent_stats: 0.

CodeHeap 'non-profiled nmethods': size=120000Kb used=64Kb max_used=64Kb free=119936Kb
 bounds [0x00000144e7cd0000, 0x00000144e7f40000, 0x00000144ef200000]
CodeHeap 'profiled nmethods': size=120000Kb used=216Kb max_used=216Kb free=119783Kb
 bounds [0x00000144e0200000, 0x00000144e0470000, 0x00000144e7730000]
CodeHeap 'non-nmethods': size=5760Kb used=1194Kb max_used=1211Kb free=4566Kb
 bounds [0x00000144e7730000, 0x00000144e79a0000, 0x00000144e7cd0000]
 total_blobs=592 nmethods=203 adapters=300
 compilation: enabled
              stopped_count=0, restarted_count=0
 full_count=0

Compilation events (20 events):
Event: 0.234 Thread 0x00000144840551d0  189       3       java.util.ImmutableCollections$Set12$1::<init> (32 bytes)
Event: 0.234 Thread 0x0000014484238890 nmethod 175 0x00000144e7cde610 code [0x00000144e7cde7a0, 0x00000144e7cde978]
Event: 0.234 Thread 0x00000144840551d0 nmethod 189 0x00000144e0231410 code [0x00000144e02315c0, 0x00000144e02317f8]
Event: 0.234 Thread 0x00000144840551d0  181       3       java.util.Optional::ofNullable (19 bytes)
Event: 0.234 Thread 0x00000144840551d0 nmethod 181 0x00000144e0231910 code [0x00000144e0231ac0, 0x00000144e0231d78]
Event: 0.234 Thread 0x00000144840551d0  190       3       java.util.AbstractSet::<init> (5 bytes)
Event: 0.234 Thread 0x00000144840551d0 nmethod 190 0x00000144e0231e90 code [0x00000144e0232040, 0x00000144e02321f8]
Event: 0.234 Thread 0x00000144840551d0  193       3       java.lang.module.ResolvedModule::name (11 bytes)
Event: 0.234 Thread 0x00000144840551d0 nmethod 193 0x00000144e0232310 code [0x00000144e02324c0, 0x00000144e0232618]
Event: 0.234 Thread 0x00000144840551d0  184       1       java.lang.module.ModuleDescriptor$Version::toString (5 bytes)
Event: 0.234 Thread 0x00000144840551d0 nmethod 184 0x00000144e7cdea10 code [0x00000144e7cdeba0, 0x00000144e7cdec58]
Event: 0.234 Thread 0x00000144840551d0  192       1       java.lang.module.ResolvedModule::configuration (5 bytes)
Event: 0.234 Thread 0x00000144840551d0 nmethod 192 0x00000144e7cded10 code [0x00000144e7cdeea0, 0x00000144e7cdef58]
Event: 0.234 Thread 0x00000144840551d0  191       1       java.lang.module.ModuleDescriptor::isOpen (5 bytes)
Event: 0.234 Thread 0x00000144840551d0 nmethod 191 0x00000144e7cdf010 code [0x00000144e7cdf1a0, 0x00000144e7cdf278]
Event: 0.234 Thread 0x00000144840551d0  194       1       java.util.HashMap::size (5 bytes)
Event: 0.234 Thread 0x00000144840551d0 nmethod 194 0x00000144e7cdf310 code [0x00000144e7cdf4a0, 0x00000144e7cdf558]
Event: 0.234 Thread 0x00000144840551d0  195       1       java.lang.module.ModuleDescriptor$Provides::service (5 bytes)
Event: 0.234 Thread 0x00000144840551d0 nmethod 195 0x00000144e7cdf610 code [0x00000144e7cdf7a0, 0x00000144e7cdf858]
Event: 0.241 Thread 0x0000014484238890  196       4       java.lang.String::charAt (25 bytes)

GC Heap History (0 events):
No events

Dll operation events (4 events):
Event: 0.009 Loaded shared library C:\Program Files\Java\jdk-19\bin\java.dll
Event: 0.055 Loaded shared library C:\Program Files\Java\jdk-19\bin\jsvml.dll
Event: 0.217 Loaded shared library C:\Program Files\Java\jdk-19\bin\net.dll
Event: 0.219 Loaded shared library C:\Program Files\Java\jdk-19\bin\nio.dll

Deoptimization events (0 events):
No events

Classes loaded (20 events):
Event: 0.239 Loading class sun/util/locale/BaseLocale$Key done
Event: 0.239 Loading class sun/util/locale/BaseLocale$Cache
Event: 0.239 Loading class sun/util/locale/LocaleObjectCache
Event: 0.239 Loading class sun/util/locale/LocaleObjectCache done
Event: 0.239 Loading class sun/util/locale/BaseLocale$Cache done
Event: 0.239 Loading class sun/util/locale/LocaleObjectCache$CacheEntry
Event: 0.239 Loading class sun/util/locale/LocaleObjectCache$CacheEntry done
Event: 0.239 Loading class java/util/Locale$Cache
Event: 0.239 Loading class java/util/Locale$Cache done
Event: 0.239 Loading class jdk/internal/vm/PostVMInitHook$2
Event: 0.240 Loading class jdk/internal/vm/PostVMInitHook$2 done
Event: 0.240 Loading class jdk/internal/util/EnvUtils
Event: 0.240 Loading class jdk/internal/util/EnvUtils done
Event: 0.240 Loading class jdk/internal/vm/PostVMInitHook$1
Event: 0.240 Loading class jdk/internal/vm/PostVMInitHook$1 done
Event: 0.240 Loading class jdk/internal/misc/CarrierThread
Event: 0.240 Loading class java/util/concurrent/ForkJoinWorkerThread
Event: 0.241 Loading class java/util/concurrent/ForkJoinWorkerThread done
Event: 0.241 Loading class jdk/internal/misc/CarrierThread done
Event: 0.241 Loading class sun/launcher/LauncherHelper

Classes unloaded (0 events):
No events

Classes redefined (0 events):
No events

Internal exceptions (4 events):
Event: 0.221 Thread 0x00000144d829f190 Exception <a 'sun/nio/fs/WindowsException'{0x000000008ac5eab0}> (0x000000008ac5eab0) 
thrown [s\open\src\hotspot\share\prims\jni.cpp, line 517]
Event: 0.222 Thread 0x00000144d829f190 Exception <a 'sun/nio/fs/WindowsException'{0x000000008ac5f038}> (0x000000008ac5f038) 
thrown [s\open\src\hotspot\share\prims\jni.cpp, line 517]
Event: 0.223 Thread 0x00000144d829f190 Exception <a 'sun/nio/fs/WindowsException'{0x000000008ac614f0}> (0x000000008ac614f0) 
thrown [s\open\src\hotspot\share\prims\jni.cpp, line 517]
Event: 0.223 Thread 0x00000144d829f190 Exception <a 'sun/nio/fs/WindowsException'{0x000000008ac62008}> (0x000000008ac62008) 
thrown [s\open\src\hotspot\share\prims\jni.cpp, line 517]

VM Operations (2 events):
Event: 0.225 Executing VM operation: HandshakeAllThreads
Event: 0.225 Executing VM operation: HandshakeAllThreads done

Events (13 events):
Event: 0.055 Thread 0x00000144d829f190 Thread added: 0x00000144d829f190
Event: 0.096 Thread 0x000001448406a550 Thread added: 0x000001448406a550
Event: 0.096 Thread 0x000001448406b2e0 Thread added: 0x000001448406b2e0
Event: 0.098 Thread 0x00000144840771a0 Thread added: 0x00000144840771a0
Event: 0.098 Thread 0x0000014484077ad0 Thread added: 0x0000014484077ad0
Event: 0.098 Thread 0x00000144840785a0 Thread added: 0x00000144840785a0
Event: 0.099 Thread 0x0000014484079070 Thread added: 0x0000014484079070
Event: 0.099 Thread 0x00000144840506b0 Thread added: 0x00000144840506b0
Event: 0.099 Thread 0x00000144840551d0 Thread added: 0x00000144840551d0
Event: 0.099 Thread 0x0000014484057cf0 Thread added: 0x0000014484057cf0
Event: 0.191 Thread 0x00000144841aa310 Thread added: 0x00000144841aa310
Event: 0.229 Thread 0x0000014484238890 Thread added: 0x0000014484238890
Event: 0.237 Thread 0x00000144842ea8c0 Thread added: 0x00000144842ea8c0


Dynamic libraries:
0x00007ff7d7b30000 - 0x00007ff7d7b40000 	C:\Program Files\Java\jdk-19\bin\java.exe
0x00007ff90b1d0000 - 0x00007ff90b3e7000 	C:\WINDOWS\SYSTEM32\ntdll.dll
0x00007ff909f00000 - 0x00007ff909fc4000 	C:\WINDOWS\System32\KERNEL32.DLL
0x00007ff9089c0000 - 0x00007ff908d77000 	C:\WINDOWS\System32\KERNELBASE.dll
0x00007ff9088a0000 - 0x00007ff9089b1000 	C:\WINDOWS\System32\ucrtbase.dll
0x00007ff8ea510000 - 0x00007ff8ea52b000 	C:\Program Files\Java\jdk-19\bin\VCRUNTIME140.dll
0x00007ff902d50000 - 0x00007ff902d68000 	C:\Program Files\Java\jdk-19\bin\jli.dll
0x00007ff909040000 - 0x00007ff9090f2000 	C:\WINDOWS\System32\ADVAPI32.dll
0x00007ff909c00000 - 0x00007ff909ca7000 	C:\WINDOWS\System32\msvcrt.dll
0x00007ff90afd0000 - 0x00007ff90b078000 	C:\WINDOWS\System32\sechost.dll
0x00007ff908ed0000 - 0x00007ff908ef8000 	C:\WINDOWS\System32\bcrypt.dll
0x00007ff909100000 - 0x00007ff909214000 	C:\WINDOWS\System32\RPCRT4.dll
0x00007ff90a020000 - 0x00007ff90a1cf000 	C:\WINDOWS\System32\USER32.dll
0x00007ff8ebad0000 - 0x00007ff8ebd63000 	C:\WINDOWS\WinSxS\amd64_microsoft.windows.common-controls_6595b64144ccf1df_6.0.22621.3672_none_2713b9d173822955\COMCTL32.dll
0x00007ff908ea0000 - 0x00007ff908ec6000 	C:\WINDOWS\System32\win32u.dll
0x00007ff909840000 - 0x00007ff909869000 	C:\WINDOWS\System32\GDI32.dll
0x00007ff908d80000 - 0x00007ff908e98000 	C:\WINDOWS\System32\gdi32full.dll
0x00007ff908620000 - 0x00007ff9086ba000 	C:\WINDOWS\System32\msvcp_win.dll
0x00007ff9028e0000 - 0x00007ff9028ea000 	C:\WINDOWS\SYSTEM32\VERSION.dll
0x00007ff909fd0000 - 0x00007ff90a001000 	C:\WINDOWS\System32\IMM32.DLL
0x00007ff8ea500000 - 0x00007ff8ea50c000 	C:\Program Files\Java\jdk-19\bin\vcruntime140_1.dll
0x00007ff8ea270000 - 0x00007ff8ea2fe000 	C:\Program Files\Java\jdk-19\bin\msvcp140.dll
0x00007ff8a8820000 - 0x00007ff8a94e0000 	C:\Program Files\Java\jdk-19\bin\server\jvm.dll
0x00007ff8ea530000 - 0x00007ff8ea539000 	C:\WINDOWS\SYSTEM32\WSOCK32.dll
0x00007ff902b40000 - 0x00007ff902b74000 	C:\WINDOWS\SYSTEM32\WINMM.dll
0x00007ff9097c0000 - 0x00007ff909831000 	C:\WINDOWS\System32\WS2_32.dll
0x00007ff9074f0000 - 0x00007ff907508000 	C:\WINDOWS\SYSTEM32\kernel.appcore.dll
0x00007ff8ea480000 - 0x00007ff8ea48a000 	C:\Program Files\Java\jdk-19\bin\jimage.dll
0x00007ff8ee200000 - 0x00007ff8ee432000 	C:\WINDOWS\SYSTEM32\DBGHELP.DLL
0x00007ff90a1d0000 - 0x00007ff90a55e000 	C:\WINDOWS\System32\combase.dll
0x00007ff908f00000 - 0x00007ff908fd7000 	C:\WINDOWS\System32\OLEAUT32.dll
0x00007ff8e3490000 - 0x00007ff8e34c2000 	C:\WINDOWS\SYSTEM32\dbgcore.DLL
0x00007ff9085a0000 - 0x00007ff90861b000 	C:\WINDOWS\System32\bcryptPrimitives.dll
0x00007ff8ea490000 - 0x00007ff8ea4b6000 	C:\Program Files\Java\jdk-19\bin\java.dll
0x00007ff8ea3a0000 - 0x00007ff8ea477000 	C:\Program Files\Java\jdk-19\bin\jsvml.dll
0x00007ff90a660000 - 0x00007ff90aec9000 	C:\WINDOWS\System32\SHELL32.dll
0x00007ff906400000 - 0x00007ff906cff000 	C:\WINDOWS\SYSTEM32\windows.storage.dll
0x00007ff9062c0000 - 0x00007ff9063ff000 	C:\WINDOWS\SYSTEM32\wintypes.dll
0x00007ff90aed0000 - 0x00007ff90afc9000 	C:\WINDOWS\System32\SHCORE.dll
0x00007ff909ba0000 - 0x00007ff909bfe000 	C:\WINDOWS\System32\shlwapi.dll
0x00007ff908410000 - 0x00007ff908437000 	C:\WINDOWS\SYSTEM32\profapi.dll
0x00007ff8ea380000 - 0x00007ff8ea393000 	C:\Program Files\Java\jdk-19\bin\net.dll
0x00007ff903680000 - 0x00007ff9037b6000 	C:\WINDOWS\SYSTEM32\WINHTTP.dll
0x00007ff907960000 - 0x00007ff9079c9000 	C:\WINDOWS\system32\mswsock.dll
0x00007ff8ea360000 - 0x00007ff8ea376000 	C:\Program Files\Java\jdk-19\bin\nio.dll

dbghelp: loaded successfully - version: 4.0.5 - missing functions: none
symbol engine: initialized successfully - sym options: 0x614 - pdb path: .;C:\Program Files\Java\jdk-19\bin;C:\WINDOWS\SYSTEM32;C:\WINDOWS\WinSxS\amd64_microsoft.windows.common-controls_6595b64144ccf1df_6.0.22621.3672_none_2713b9d173822955;C:\Program Files\Java\jdk-19\bin\server

VM Arguments:
jvm_args: -Dfile.encoding=UTF-8 --module-path=C:\Users\jaswa\OneDrive\Desktop\INFO 5100\Assignment 1\Assignment_2\build\classes 
java_command: ui.MainJFrame
java_class_path (initial): C:\Users\jaswa\OneDrive\Desktop\INFO 5100\Assignment 1\Assignment_2\build\classes
Launcher Type: SUN_STANDARD

[Global flags]
     intx CICompilerCount                          = 4                                         {product} {ergonomic}
     uint ConcGCThreads                            = 2                                         {product} {ergonomic}
     uint G1ConcRefinementThreads                  = 8                                         {product} {ergonomic}
   size_t G1HeapRegionSize                         = 1048576                                   {product} {ergonomic}
    uintx GCDrainStackTargetSize                   = 64                                        {product} {ergonomic}
   size_t InitialHeapSize                          = 132120576                                 {product} {ergonomic}
   size_t MarkStackSize                            = 4194304                                   {product} {ergonomic}
   size_t MaxHeapSize                              = 2097152000                                {product} {ergonomic}
   size_t MaxNewSize                               = 1258291200                                {product} {ergonomic}
   size_t MinHeapDeltaBytes                        = 1048576                                   {product} {ergonomic}
   size_t MinHeapSize                              = 8388608                                   {product} {ergonomic}
    uintx NonNMethodCodeHeapSize                   = 5839372                                {pd product} {ergonomic}
    uintx NonProfiledCodeHeapSize                  = 122909434                              {pd product} {ergonomic}
    uintx ProfiledCodeHeapSize                     = 122909434                              {pd product} {ergonomic}
    uintx ReservedCodeCacheSize                    = 251658240                              {pd product} {ergonomic}
     bool SegmentedCodeCache                       = true                                      {product} {ergonomic}
   size_t SoftMaxHeapSize                          = 2097152000                             {manageable} {ergonomic}
     bool UseCompressedClassPointers               = true                           {product lp64_product} {ergonomic}
     bool UseCompressedOops                        = true                           {product lp64_product} {ergonomic}
     bool UseG1GC                                  = true                                      {product} {ergonomic}
     bool UseLargePagesIndividualAllocation        = false                                  {pd product} {ergonomic}

Logging:
Log output configuration:
 #0: stdout all=warning uptime,level,tags foldmultilines=false
 #1: stderr all=off uptime,level,tags foldmultilines=false

Environment Variables:
PATH=C:\Program Files\Common Files\Oracle\Java\javapath;C:\Program Files\Python311\Scripts\;C:\Program Files\Python311\;C:\WINDOWS\system32;C:\WINDOWS;C:\WINDOWS\System32\Wbem;C:\WINDOWS\System32\WindowsPowerShell\v1.0\;C:\WINDOWS\System32\OpenSSH\;C:\Program Files\MySQL\MySQL Server 8.0\bin;C:\Program Files\Git\cmd;C:\Program Files (x86)\Microsoft SQL Server\160\Tools\Binn\;C:\Program Files\Microsoft SQL Server\160\Tools\Binn\;C:\Program Files\Microsoft SQL Server\Client SDK\ODBC\170\Tools\Binn\;C:\Program Files\Microsoft SQL Server\160\DTS\Binn\;C:\Program Files\MySQL\MySQL Shell 8.0\bin\;C:\Users\jaswa\AppData\Local\Microsoft\WindowsApps;;C:\Users\jaswa\AppData\Local\Programs\Microsoft VS Code\bin
USERNAME=jaswa
OS=Windows_NT
PROCESSOR_IDENTIFIER=Intel64 Family 6 Model 142 Stepping 12, GenuineIntel
TMP=C:\Users\jaswa\AppData\Local\Temp
TEMP=C:\Users\jaswa\AppData\Local\Temp



---------------  S Y S T E M  ---------------

OS:
 Windows 11 , 64 bit Build 22621 (10.0.22621.3958)
OS uptime: 0 days 1:51 hours
Hyper-V role detected

CPU: total 8 (initial active 8) (4 cores per cpu, 2 threads per core) family 6 model 142 stepping 12 microcode 0xea, cx8, cmov, fxsr, ht, mmx, 3dnowpref, sse, sse2, sse3, ssse3, sse4.1, sse4.2, popcnt, lzcnt, tsc, tscinvbit, avx, avx2, aes, erms, clmul, bmi1, bmi2, adx, fma, vzeroupper, clflush, clflushopt, hv, rdtscp

Memory: 4k page, system-wide physical 7995M (2367M free)
TotalPageFile size 7995M (AvailPageFile size 2M)
current process WorkingSet (physical memory assigned to process): 35M, peak: 35M
current process commit charge ("private bytes"): 206M, peak: 206M

vm_info: Java HotSpot(TM) 64-Bit Server VM (19.0.2+7-44) for windows-amd64 JRE (19.0.2+7-44), built on 2022-11-30T18:02:09Z by "mach5one" with MS VC++ 17.1 (VS2022)

END.
